{"level":"info","time":"2025-11-22T12:38:03.662+0530","caller":"cmd/lt.go:207","msg":"LambdaTest Tunnel version: 3.2.23"}
{"level":"warn","time":"2025-11-22T12:38:03.666+0530","caller":"configmanager/setup.go:89","msg":"Tunnel Name was not specified, using: 6866df66-baa1-4192-8d6b-af042f9eee2b"}
{"level":"warn","time":"2025-11-22T12:38:04.908+0530","caller":"custom/setup.go:902","msg":"Port 9090 is already in use. Trying on a random free tcp port."}
{"level":"info","time":"2025-11-22T12:38:04.909+0530","caller":"custom/setup.go:917","msg":"Tunnel binary started on port :60916"}
{"level":"info","time":"2025-11-22T12:38:06.899+0530","caller":"networkscanner/setup.go:325","msg":"TCP Mode is supported"}
{"level":"info","time":"2025-11-22T12:38:06.899+0530","caller":"core/lifecycle.go:318","msg":"Launching tunnel"}
{"level":"info","time":"2025-11-22T12:38:12.961+0530","caller":"core/lifecycle.go:440","msg":"You can start testing now"}
{"level":"info","time":"2025-11-22T12:38:12.961+0530","caller":"core/lifecycle.go:441","msg":"Tunnel ID: 9830625"}
,"caller":"core/lifecycle.go:318","msg":"Launching tunnel"}
{"level":"info","time":"2025-11-22T12:38:12.920+0530","caller":"core/lifecycle.go:440","msg":"You can start testing now"}
{"level":"info","time":"2025-11-22T12:38:12.920+0530","caller":"core/lifecycle.go:441","msg":"Tunnel ID: 9830624"}
{"level":"info","time":"2025-11-22T12:38:17.926+0530","caller":"cmd/lt.go:207","msg":"LambdaTest Tunnel version: 3.2.23"}
{"level":"warn","time":"2025-11-22T12:38:17.928+0530","caller":"configmanager/setup.go:89","msg":"Tunnel Name was not specified, using: baeaccad-214f-4ca7-9ab3-230779058f8f"}
{"level":"warn","time":"2025-11-22T12:38:18.973+0530","caller":"custom/setup.go:902","msg":"Port 9090 is already in use. Trying on a random free tcp port."}
{"level":"info","time":"2025-11-22T12:38:18.974+0530","caller":"custom/setup.go:917","msg":"Tunnel binary started on port :64370"}
{"level":"info","time":"2025-11-22T12:38:20.465+0530","caller":"networkscanner/setup.go:325","msg":"TCP Mode is supported"}
{"level":"info","time":"2025-11-22T12:38:20.466+0530","caller":"core/lifecycle.go:318","msg":"Launching tunnel"}
{"level":"info","time":"2025-11-22T12:38:22.247+0530","caller":"cmd/lt.go:207","msg":"LambdaTest Tunnel version: 3.2.23"}
{"level":"warn","time":"2025-11-22T12:38:22.250+0530","caller":"configmanager/setup.go:89","msg":"Tunnel Name was not specified, using: d53517db-2815-4807-b4e3-45256a088658"}
{"level":"warn","time":"2025-11-22T12:38:23.078+0530","caller":"custom/setup.go:902","msg":"Port 9090 is already in use. Trying on a random free tcp port."}
{"level":"info","time":"2025-11-22T12:38:23.079+0530","caller":"custom/setup.go:917","msg":"Tunnel binary started on port :53126"}
{"level":"info","time":"2025-11-22T12:38:24.174+0530","caller":"networkscanner/setup.go:325","msg":"TCP Mode is supported"}
{"level":"info","time":"2025-11-22T12:38:24.174+0530","caller":"core/lifecycle.go:318","msg":"Launching tunnel"}
{"level":"info","time":"2025-11-22T12:38:25.519+0530","caller":"core/lifecycle.go:440","msg":"You can start testing now"}
{"level":"info","time":"2025-11-22T12:38:25.519+0530","caller":"core/lifecycle.go:441","msg":"Tunnel ID: 9830631"}
{"level":"info","time":"2025-11-22T12:38:29.217+0530","caller":"core/lifecycle.go:440","msg":"You can start testing now"}
{"level":"info","time":"2025-11-22T12:38:29.217+0530","caller":"core/lifecycle.go:441","msg":"Tunnel ID: 9830632"}
{"level":"info","time":"2025-11-22T12:38:31.123+0530","caller":"cmd/lt.go:207","msg":"LambdaTest Tunnel version: 3.2.23"}
{"level":"warn","time":"2025-11-22T12:38:31.123+0530","caller":"configmanager/setup.go:89","msg":"Tunnel Name was not specified, using: cd9fc966-5a3a-4628-b35d-5e245ca5ec09"}
{"level":"warn","time":"2025-11-22T12:38:32.036+0530","caller":"custom/setup.go:902","msg":"Port 9090 is already in use. Trying on a random free tcp port."}
{"level":"info","time":"2025-11-22T12:38:32.038+0530","caller":"custom/setup.go:917","msg":"Tunnel binary started on port :60716"}
{"level":"info","time":"2025-11-22T12:38:33.424+0530","caller":"networkscanner/setup.go:325","msg":"TCP Mode is supported"}
{"level":"info","time":"2025-11-22T12:38:33.424+0530","caller":"core/lifecycle.go:318","msg":"Launching tunnel"}
{"level":"info","time":"2025-11-22T12:38:38.581+0530","caller":"core/lifecycle.go:440","msg":"You can start testing now"}
{"level":"info","time":"2025-11-22T12:38:38.581+0530","caller":"core/lifecycle.go:441","msg":"Tunnel ID: 9830636"}
{"level":"info","time":"2025-11-22T12:38:39.600+0530","caller":"cmd/lt.go:207","msg":"LambdaTest Tunnel version: 3.2.23"}
{"level":"warn","time":"2025-11-22T12:38:39.601+0530","caller":"configmanager/setup.go:89","msg":"Tunnel Name was not specified, using: 384418d9-d842-4d07-b1f8-359c33ef7901"}
{"level":"warn","time":"2025-11-22T12:38:40.479+0530","caller":"custom/setup.go:902","msg":"Port 9090 is already in use. Trying on a random free tcp port."}
{"level":"info","time":"2025-11-22T12:38:40.480+0530","caller":"custom/setup.go:917","msg":"Tunnel binary started on port :61110"}
{"level":"info","time":"2025-11-22T12:38:41.590+0530","caller":"networkscanner/setup.go:325","msg":"TCP Mode is supported"}
{"level":"info","time":"2025-11-22T12:38:41.590+0530","caller":"core/lifecycle.go:318","msg":"Launching tunnel"}
{"level":"info","time":"2025-11-22T12:38:41.879+0530","caller":"cmd/lt.go:207","msg":"LambdaTest Tunnel version: 3.2.23"}
{"level":"warn","time":"2025-11-22T12:38:41.880+0530","caller":"configmanager/setup.go:89","msg":"Tunnel Name was not specified, using: 7064e73e-5d8e-450b-8468-b6df667c1cc5"}
{"level":"warn","time":"2025-11-22T12:38:42.740+0530","caller":"custom/setup.go:902","msg":"Port 9090 is already in use. Trying on a random free tcp port."}
{"level":"info","time":"2025-11-22T12:38:42.742+0530","caller":"custom/setup.go:917","msg":"Tunnel binary started on port :59218"}
{"level":"info","time":"2025-11-22T12:38:43.804+0530","caller":"networkscanner/setup.go:325","msg":"TCP Mode is supported"}
{"level":"info","time":"2025-11-22T12:38:43.804+0530","caller":"core/lifecycle.go:318","msg":"Launching tunnel"}
{"level":"info","time":"2025-11-22T12:38:46.675+0530","caller":"core/lifecycle.go:440","msg":"You can start testing now"}
{"level":"info","time":"2025-11-22T12:38:46.675+0530","caller":"core/lifecycle.go:441","msg":"Tunnel ID: 9830638"}
{"level":"info","time":"2025-11-22T12:38:49.005+0530","caller":"core/lifecycle.go:440","msg":"You can start testing now"}
{"level":"info","time":"2025-11-22T12:38:49.006+0530","caller":"core/lifecycle.go:441","msg":"Tunnel ID: 9830639"}
{"level":"info","time":"2025-11-22T12:38:56.829+0530","caller":"cmd/lt.go:207","msg":"LambdaTest Tunnel version: 3.2.23"}
{"level":"warn","time":"2025-11-22T12:38:56.830+0530","caller":"configmanager/setup.go:89","msg":"Tunnel Name was not specified, using: 92e5ab05-8223-40df-8c59-6a125dbb26f8"}
{"level":"warn","time":"2025-11-22T12:38:57.662+0530","caller":"custom/setup.go:902","msg":"Port 9090 is already in use. Trying on a random free tcp port."}
{"level":"info","time":"2025-11-22T12:38:57.663+0530","caller":"custom/setup.go:917","msg":"Tunnel binary started on port :62760"}
{"level":"info","time":"2025-11-22T12:38:58.931+0530","caller":"networkscanner/setup.go:325","msg":"TCP Mode is supported"}
{"level":"info","time":"2025-11-22T12:38:58.931+0530","caller":"core/lifecycle.go:318","msg":"Launching tunnel"}
{"level":"info","time":"2025-11-22T12:39:02.807+0530","caller":"cmd/lt.go:207","msg":"LambdaTest Tunnel version: 3.2.23"}
{"level":"warn","time":"2025-11-22T12:39:02.808+0530","caller":"configmanager/setup.go:89","msg":"Tunnel Name was not specified, using: 7fc564c7-5ed0-40c3-8695-4d5774d94d5b"}
{"level":"warn","time":"2025-11-22T12:39:03.701+0530","caller":"custom/setup.go:902","msg":"Port 9090 is already in use. Trying on a random free tcp port."}
{"level":"info","time":"2025-11-22T12:39:03.702+0530","caller":"custom/setup.go:917","msg":"Tunnel binary started on port :50481"}
{"level":"info","time":"2025-11-22T12:39:03.918+0530","caller":"core/lifecycle.go:440","msg":"You can start testing now"}
{"level":"info","time":"2025-11-22T12:39:03.918+0530","caller":"core/lifecycle.go:441","msg":"Tunnel ID: 9830642"}
{"level":"info","time":"2025-11-22T12:39:04.814+0530","caller":"networkscanner/setup.go:325","msg":"TCP Mode is supported"}
{"level":"info","time":"2025-11-22T12:39:04.814+0530","caller":"core/lifecycle.go:318","msg":"Launching tunnel"}
{"level":"info","time":"2025-11-22T12:39:10.001+0530","caller":"core/lifecycle.go:440","msg":"You can start testing now"}
{"level":"info","time":"2025-11-22T12:39:10.001+0530","caller":"core/lifecycle.go:441","msg":"Tunnel ID: 9830645"}
{"level":"info","time":"2025-11-22T12:39:13.940+0530","caller":"cmd/lt.go:207","msg":"LambdaTest Tunnel version: 3.2.23"}
{"level":"warn","time":"2025-11-22T12:39:13.940+0530","caller":"configmanager/setup.go:89","msg":"Tunnel Name was not specified, using: 33bfd611-8669-4e8d-8486-7dd16b967348"}
{"level":"warn","time":"2025-11-22T12:39:14.859+0530","caller":"custom/setup.go:902","msg":"Port 9090 is already in use. Trying on a random free tcp port."}
{"level":"info","time":"2025-11-22T12:39:14.860+0530","caller":"custom/setup.go:917","msg":"Tunnel binary started on port :60143"}
{"level":"info","time":"2025-11-22T12:39:16.452+0530","caller":"networkscanner/setup.go:325","msg":"TCP Mode is supported"}
{"level":"info","time":"2025-11-22T12:39:16.452+0530","caller":"core/lifecycle.go:318","msg":"Launching tunnel"}
{"level":"info","time":"2025-11-22T12:39:21.686+0530","caller":"core/lifecycle.go:440","msg":"You can start testing now"}
{"level":"info","time":"2025-11-22T12:39:21.686+0530","caller":"core/lifecycle.go:441","msg":"Tunnel ID: 9830647"}
{"level":"info","time":"2025-11-22T12:57:59.338+0530","caller":"cmd/lt.go:207","msg":"LambdaTest Tunnel version: 3.2.23"}
{"level":"warn","time":"2025-11-22T12:57:59.342+0530","caller":"configmanager/setup.go:89","msg":"Tunnel Name was not specified, using: 9118f161-d307-4a57-b3a4-56942087d322"}
{"level":"info","time":"2025-11-22T12:57:59.357+0530","caller":"cmd/lt.go:207","msg":"LambdaTest Tunnel version: 3.2.23"}
{"level":"warn","time":"2025-11-22T12:57:59.359+0530","caller":"configmanager/setup.go:89","msg":"Tunnel Name was not specified, using: ac24ef22-9e9d-40b5-8bd8-1f26e59fdab0"}
{"level":"info","time":"2025-11-22T12:57:59.368+0530","caller":"cmd/lt.go:207","msg":"LambdaTest Tunnel version: 3.2.23"}
{"level":"warn","time":"2025-11-22T12:57:59.369+0530","caller":"configmanager/setup.go:89","msg":"Tunnel Name was not specified, using: a8119c8d-3949-4dda-8012-9871523db03b"}
{"level":"info","time":"2025-11-22T12:57:59.465+0530","caller":"cmd/lt.go:207","msg":"LambdaTest Tunnel version: 3.2.23"}
{"level":"warn","time":"2025-11-22T12:57:59.466+0530","caller":"configmanager/setup.go:89","msg":"Tunnel Name was not specified, using: fc7c5da7-737f-4c7b-b23a-84b7816fae93"}
{"level":"warn","time":"2025-11-22T12:58:00.727+0530","caller":"custom/setup.go:902","msg":"Port 9090 is already in use. Trying on a random free tcp port."}
{"level":"info","time":"2025-11-22T12:58:00.728+0530","caller":"custom/setup.go:917","msg":"Tunnel binary started on port :53018"}
{"level":"warn","time":"2025-11-22T12:58:00.757+0530","caller":"custom/setup.go:902","msg":"Port 9090 is already in use. Trying on a random free tcp port."}
{"level":"info","time":"2025-11-22T12:58:00.759+0530","caller":"custom/setup.go:917","msg":"Tunnel binary started on port :53020"}
{"level":"warn","time":"2025-11-22T12:58:00.768+0530","caller":"custom/setup.go:902","msg":"Port 9090 is already in use. Trying on a random free tcp port."}
{"level":"info","time":"2025-11-22T12:58:00.770+0530","caller":"custom/setup.go:917","msg":"Tunnel binary started on port :53022"}
{"level":"warn","time":"2025-11-22T12:58:01.727+0530","caller":"custom/setup.go:902","msg":"Port 9090 is already in use. Trying on a random free tcp port."}
{"level":"info","time":"2025-11-22T12:58:01.728+0530","caller":"custom/setup.go:917","msg":"Tunnel binary started on port :53040"}
{"level":"info","time":"2025-11-22T12:58:02.657+0530","caller":"networkscanner/setup.go:325","msg":"TCP Mode is supported"}
{"level":"info","time":"2025-11-22T12:58:02.657+0530","caller":"core/lifecycle.go:318","msg":"Launching tunnel"}
{"level":"info","time":"2025-11-22T12:58:02.691+0530","caller":"networkscanner/setup.go:325","msg":"TCP Mode is supported"}
{"level":"info","time":"2025-11-22T12:58:02.691+0530","caller":"core/lifecycle.go:318","msg":"Launching tunnel"}
{"level":"info","time":"2025-11-22T12:58:02.751+0530","caller":"networkscanner/setup.go:325","msg":"TCP Mode is supported"}
{"level":"info","time":"2025-11-22T12:58:02.751+0530","caller":"core/lifecycle.go:318","msg":"Launching tunnel"}
{"level":"info","time":"2025-11-22T12:58:02.860+0530","caller":"networkscanner/setup.go:325","msg":"TCP Mode is supported"}
{"level":"info","time":"2025-11-22T12:58:02.860+0530","caller":"core/lifecycle.go:318","msg":"Launching tunnel"}
{"level":"info","time":"2025-11-22T12:58:08.407+0530","caller":"core/lifecycle.go:440","msg":"You can start testing now"}
{"level":"info","time":"2025-11-22T12:58:08.407+0530","caller":"core/lifecycle.go:441","msg":"Tunnel ID: 9830778"}
{"level":"info","time":"2025-11-22T12:58:08.413+0530","caller":"core/lifecycle.go:440","msg":"You can start testing now"}
{"level":"info","time":"2025-11-22T12:58:08.413+0530","caller":"core/lifecycle.go:441","msg":"Tunnel ID: 9830779"}
{"level":"info","time":"2025-11-22T12:58:09.352+0530","caller":"core/lifecycle.go:440","msg":"You can start testing now"}
{"level":"info","time":"2025-11-22T12:58:09.352+0530","caller":"core/lifecycle.go:441","msg":"Tunnel ID: 9830780"}
{"level":"info","time":"2025-11-22T12:58:09.533+0530","caller":"core/lifecycle.go:440","msg":"You can start testing now"}
{"level":"info","time":"2025-11-22T12:58:09.533+0530","caller":"core/lifecycle.go:441","msg":"Tunnel ID: 9830781"}
{"level":"info","time":"2025-11-22T12:58:31.057+0530","caller":"cmd/lt.go:207","msg":"LambdaTest Tunnel version: 3.2.23"}
{"level":"warn","time":"2025-11-22T12:58:31.058+0530","caller":"configmanager/setup.go:89","msg":"Tunnel Name was not specified, using: ad6e3492-db30-43b9-8cd8-bc60dae06664"}
{"level":"warn","time":"2025-11-22T12:58:31.874+0530","caller":"custom/setup.go:902","msg":"Port 9090 is already in use. Trying on a random free tcp port."}
{"level":"info","time":"2025-11-22T12:58:31.875+0530","caller":"custom/setup.go:917","msg":"Tunnel binary started on port :54107"}
{"level":"info","time":"2025-11-22T12:58:33.058+0530","caller":"networkscanner/setup.go:325","msg":"TCP Mode is supported"}
{"level":"info","time":"2025-11-22T12:58:33.058+0530","caller":"core/lifecycle.go:318","msg":"Launching tunnel"}
{"level":"info","time":"2025-11-22T12:58:35.514+0530","caller":"cmd/lt.go:207","msg":"LambdaTest Tunnel version: 3.2.23"}
{"level":"warn","time":"2025-11-22T12:58:35.514+0530","caller":"configmanager/setup.go:89","msg":"Tunnel Name was not specified, using: 7563d967-5eb8-48ba-a244-de4c4d23a163"}
{"level":"warn","time":"2025-11-22T12:58:36.439+0530","caller":"custom/setup.go:902","msg":"Port 9090 is already in use. Trying on a random free tcp port."}
{"level":"info","time":"2025-11-22T12:58:36.441+0530","caller":"custom/setup.go:917","msg":"Tunnel binary started on port :54121"}
{"level":"info","time":"2025-11-22T12:58:37.900+0530","caller":"networkscanner/setup.go:325","msg":"TCP Mode is supported"}
{"level":"info","time":"2025-11-22T12:58:37.900+0530","caller":"core/lifecycle.go:318","msg":"Launching tunnel"}
{"level":"info","time":"2025-11-22T12:58:38.423+0530","caller":"core/lifecycle.go:440","msg":"You can start testing now"}
{"level":"info","time":"2025-11-22T12:58:38.423+0530","caller":"core/lifecycle.go:441","msg":"Tunnel ID: 9830784"}
{"level":"info","time":"2025-11-22T12:58:43.009+0530","caller":"core/lifecycle.go:440","msg":"You can start testing now"}
{"level":"info","time":"2025-11-22T12:58:43.009+0530","caller":"core/lifecycle.go:441","msg":"Tunnel ID: 9830786"}
{"level":"info","time":"2025-11-22T12:58:46.292+0530","caller":"cmd/lt.go:207","msg":"LambdaTest Tunnel version: 3.2.23"}
{"level":"warn","time":"2025-11-22T12:58:46.293+0530","caller":"configmanager/setup.go:89","msg":"Tunnel Name was not specified, using: ca3055f8-6d9e-452c-ba72-02bbf1469c84"}
{"level":"warn","time":"2025-11-22T12:58:47.718+0530","caller":"custom/setup.go:902","msg":"Port 9090 is already in use. Trying on a random free tcp port."}
{"level":"info","time":"2025-11-22T12:58:47.720+0530","caller":"custom/setup.go:917","msg":"Tunnel binary started on port :59689"}
{"level":"info","time":"2025-11-22T12:58:48.448+0530","caller":"cmd/lt.go:207","msg":"LambdaTest Tunnel version: 3.2.23"}
{"level":"warn","time":"2025-11-22T12:58:48.449+0530","caller":"configmanager/setup.go:89","msg":"Tunnel Name was not specified, using: a5c9e693-071a-4d42-8f52-57b0f2a076d1"}
{"level":"info","time":"2025-11-22T12:58:48.948+0530","caller":"networkscanner/setup.go:325","msg":"TCP Mode is supported"}
{"level":"info","time":"2025-11-22T12:58:48.948+0530","caller":"core/lifecycle.go:318","msg":"Launching tunnel"}
{"level":"warn","time":"2025-11-22T12:58:49.288+0530","caller":"custom/setup.go:902","msg":"Port 9090 is already in use. Trying on a random free tcp port."}
{"level":"info","time":"2025-11-22T12:58:49.290+0530","caller":"custom/setup.go:917","msg":"Tunnel binary started on port :59700"}
{"level":"info","time":"2025-11-22T12:58:50.545+0530","caller":"networkscanner/setup.go:325","msg":"TCP Mode is supported"}
{"level":"info","time":"2025-11-22T12:58:50.546+0530","caller":"core/lifecycle.go:318","msg":"Launching tunnel"}
{"level":"info","time":"2025-11-22T12:58:54.020+0530","caller":"core/lifecycle.go:440","msg":"You can start testing now"}
{"level":"info","time":"2025-11-22T12:58:54.020+0530","caller":"core/lifecycle.go:441","msg":"Tunnel ID: 9830790"}
{"level":"info","time":"2025-11-22T12:58:55.607+0530","caller":"core/lifecycle.go:440","msg":"You can start testing now"}
{"level":"info","time":"2025-11-22T12:58:55.607+0530","caller":"core/lifecycle.go:441","msg":"Tunnel ID: 9830791"}
{"level":"info","time":"2025-11-22T12:59:05.556+0530","caller":"cmd/lt.go:207","msg":"LambdaTest Tunnel version: 3.2.23"}
{"level":"warn","time":"2025-11-22T12:59:05.557+0530","caller":"configmanager/setup.go:89","msg":"Tunnel Name was not specified, using: 3fd9078d-b70d-4463-b978-15dfac60272e"}
{"level":"warn","time":"2025-11-22T12:59:06.511+0530","caller":"custom/setup.go:902","msg":"Port 9090 is already in use. Trying on a random free tcp port."}
{"level":"info","time":"2025-11-22T12:59:06.513+0530","caller":"custom/setup.go:917","msg":"Tunnel binary started on port :59724"}
{"level":"info","time":"2025-11-22T12:59:08.358+0530","caller":"networkscanner/setup.go:325","msg":"TCP Mode is supported"}
{"level":"info","time":"2025-11-22T12:59:08.358+0530","caller":"core/lifecycle.go:318","msg":"Launching tunnel"}
{"level":"info","time":"2025-11-22T12:59:10.873+0530","caller":"cmd/lt.go:207","msg":"LambdaTest Tunnel version: 3.2.23"}
{"level":"warn","time":"2025-11-22T12:59:10.874+0530","caller":"configmanager/setup.go:89","msg":"Tunnel Name was not specified, using: 1bf28d66-1e3a-46a4-ad49-98aab7b3c935"}
{"level":"warn","time":"2025-11-22T12:59:11.800+0530","caller":"custom/setup.go:902","msg":"Port 9090 is already in use. Trying on a random free tcp port."}
{"level":"info","time":"2025-11-22T12:59:11.801+0530","caller":"custom/setup.go:917","msg":"Tunnel binary started on port :59751"}
{"level":"info","time":"2025-11-22T12:59:12.859+0530","caller":"networkscanner/setup.go:325","msg":"TCP Mode is supported"}
{"level":"info","time":"2025-11-22T12:59:12.859+0530","caller":"core/lifecycle.go:318","msg":"Launching tunnel"}
{"level":"info","time":"2025-11-22T12:59:13.352+0530","caller":"core/lifecycle.go:440","msg":"You can start testing now"}
{"level":"info","time":"2025-11-22T12:59:13.352+0530","caller":"core/lifecycle.go:441","msg":"Tunnel ID: 9830793"}
{"level":"info","time":"2025-11-22T12:59:17.840+0530","caller":"core/lifecycle.go:440","msg":"You can start testing now"}
{"level":"info","time":"2025-11-22T12:59:17.840+0530","caller":"core/lifecycle.go:441","msg":"Tunnel ID: 9830794"}
{"level":"info","time":"2025-11-22T12:59:22.899+0530","caller":"cmd/lt.go:207","msg":"LambdaTest Tunnel version: 3.2.23"}
{"level":"warn","time":"2025-11-22T12:59:22.900+0530","caller":"configmanager/setup.go:89","msg":"Tunnel Name was not specified, using: e02eac7a-d0f8-4d99-b389-b8aa6b9e9728"}
{"level":"warn","time":"2025-11-22T12:59:23.807+0530","caller":"custom/setup.go:902","msg":"Port 9090 is already in use. Trying on a random free tcp port."}
{"level":"info","time":"2025-11-22T12:59:23.808+0530","caller":"custom/setup.go:917","msg":"Tunnel binary started on port :53924"}
{"level":"info","time":"2025-11-22T12:59:25.025+0530","caller":"networkscanner/setup.go:325","msg":"TCP Mode is supported"}
{"level":"info","time":"2025-11-22T12:59:25.025+0530","caller":"core/lifecycle.go:318","msg":"Launching tunnel"}
{"level":"info","time":"2025-11-22T12:59:30.027+0530","caller":"core/lifecycle.go:440","msg":"You can start testing now"}
{"level":"info","time":"2025-11-22T12:59:30.027+0530","caller":"core/lifecycle.go:441","msg":"Tunnel ID: 9830796"}
{"level":"info","time":"2025-11-22T12:59:46.403+0530","caller":"cmd/lt.go:207","msg":"LambdaTest Tunnel version: 3.2.23"}
{"level":"warn","time":"2025-11-22T12:59:46.404+0530","caller":"configmanager/setup.go:89","msg":"Tunnel Name was not specified, using: 8b60dd0b-ef70-45c1-bd6a-36c1f03e063d"}
{"level":"warn","time":"2025-11-22T12:59:47.320+0530","caller":"custom/setup.go:902","msg":"Port 9090 is already in use. Trying on a random free tcp port."}
{"level":"info","time":"2025-11-22T12:59:47.322+0530","caller":"custom/setup.go:917","msg":"Tunnel binary started on port :55592"}
{"level":"info","time":"2025-11-22T12:59:48.570+0530","caller":"networkscanner/setup.go:325","msg":"TCP Mode is supported"}
{"level":"info","time":"2025-11-22T12:59:48.570+0530","caller":"core/lifecycle.go:318","msg":"Launching tunnel"}
{"level":"info","time":"2025-11-22T12:59:53.916+0530","caller":"core/lifecycle.go:440","msg":"You can start testing now"}
{"level":"info","time":"2025-11-22T12:59:53.916+0530","caller":"core/lifecycle.go:441","msg":"Tunnel ID: 9830800"}
{"level":"info","time":"2025-11-22T13:05:24.600+0530","caller":"cmd/lt.go:207","msg":"LambdaTest Tunnel version: 3.2.23"}
{"level":"warn","time":"2025-11-22T13:05:24.601+0530","caller":"configmanager/setup.go:89","msg":"Tunnel Name was not specified, using: 92bacd1b-82d9-48cb-83e4-346fc4a8e1c9"}
{"level":"info","time":"2025-11-22T13:05:24.617+0530","caller":"cmd/lt.go:207","msg":"LambdaTest Tunnel version: 3.2.23"}
{"level":"warn","time":"2025-11-22T13:05:24.620+0530","caller":"configmanager/setup.go:89","msg":"Tunnel Name was not specified, using: 36dd71ab-ad23-49f6-9bec-1400d53df7e2"}
{"level":"info","time":"2025-11-22T13:05:24.689+0530","caller":"cmd/lt.go:207","msg":"LambdaTest Tunnel version: 3.2.23"}
{"level":"warn","time":"2025-11-22T13:05:24.690+0530","caller":"configmanager/setup.go:89","msg":"Tunnel Name was not specified, using: 3dc8f79c-dbcd-4340-858d-8357452868aa"}
{"level":"info","time":"2025-11-22T13:05:24.715+0530","caller":"cmd/lt.go:207","msg":"LambdaTest Tunnel version: 3.2.23"}
{"level":"warn","time":"2025-11-22T13:05:24.717+0530","caller":"configmanager/setup.go:89","msg":"Tunnel Name was not specified, using: 6fc34d7a-3cff-42b2-b4f5-3b2ca5caa980"}
{"level":"warn","time":"2025-11-22T13:05:25.726+0530","caller":"custom/setup.go:902","msg":"Port 9090 is already in use. Trying on a random free tcp port."}
{"level":"info","time":"2025-11-22T13:05:25.727+0530","caller":"custom/setup.go:917","msg":"Tunnel binary started on port :63578"}
{"level":"warn","time":"2025-11-22T13:05:26.562+0530","caller":"custom/setup.go:902","msg":"Port 9090 is already in use. Trying on a random free tcp port."}
{"level":"info","time":"2025-11-22T13:05:26.563+0530","caller":"custom/setup.go:917","msg":"Tunnel binary started on port :63588"}
{"level":"warn","time":"2025-11-22T13:05:26.916+0530","caller":"custom/setup.go:902","msg":"Port 9090 is already in use. Trying on a random free tcp port."}
{"level":"info","time":"2025-11-22T13:05:26.917+0530","caller":"custom/setup.go:917","msg":"Tunnel binary started on port :63594"}
{"level":"warn","time":"2025-11-22T13:05:26.946+0530","caller":"custom/setup.go:902","msg":"Port 9090 is already in use. Trying on a random free tcp port."}
{"level":"info","time":"2025-11-22T13:05:26.947+0530","caller":"custom/setup.go:917","msg":"Tunnel binary started on port :63600"}
{"level":"info","time":"2025-11-22T13:05:27.669+0530","caller":"networkscanner/setup.go:325","msg":"TCP Mode is supported"}
{"level":"info","time":"2025-11-22T13:05:27.669+0530","caller":"core/lifecycle.go:318","msg":"Launching tunnel"}
{"level":"info","time":"2025-11-22T13:05:27.969+0530","caller":"networkscanner/setup.go:325","msg":"TCP Mode is supported"}
{"level":"info","time":"2025-11-22T13:05:27.969+0530","caller":"core/lifecycle.go:318","msg":"Launching tunnel"}
{"level":"info","time":"2025-11-22T13:05:27.990+0530","caller":"networkscanner/setup.go:325","msg":"TCP Mode is supported"}
{"level":"info","time":"2025-11-22T13:05:27.990+0530","caller":"core/lifecycle.go:318","msg":"Launching tunnel"}
{"level":"info","time":"2025-11-22T13:05:28.150+0530","caller":"networkscanner/setup.go:325","msg":"TCP Mode is supported"}
{"level":"info","time":"2025-11-22T13:05:28.150+0530","caller":"core/lifecycle.go:318","msg":"Launching tunnel"}
{"level":"info","time":"2025-11-22T13:05:33.342+0530","caller":"core/lifecycle.go:440","msg":"You can start testing now"}
{"level":"info","time":"2025-11-22T13:05:33.342+0530","caller":"core/lifecycle.go:441","msg":"Tunnel ID: 9830863"}
{"level":"info","time":"2025-11-22T13:05:33.441+0530","caller":"core/lifecycle.go:440","msg":"You can start testing now"}
{"level":"info","time":"2025-11-22T13:05:33.441+0530","caller":"core/lifecycle.go:441","msg":"Tunnel ID: 9830864"}
{"level":"info","time":"2025-11-22T13:05:34.575+0530","caller":"core/lifecycle.go:440","msg":"You can start testing now"}
{"level":"info","time":"2025-11-22T13:05:34.575+0530","caller":"core/lifecycle.go:441","msg":"Tunnel ID: 9830865"}
{"level":"info","time":"2025-11-22T13:05:34.883+0530","caller":"core/lifecycle.go:440","msg":"You can start testing now"}
{"level":"info","time":"2025-11-22T13:05:34.883+0530","caller":"core/lifecycle.go:441","msg":"Tunnel ID: 9830866"}
{"level":"info","time":"2025-11-22T13:05:48.217+0530","caller":"cmd/lt.go:207","msg":"LambdaTest Tunnel version: 3.2.23"}
{"level":"warn","time":"2025-11-22T13:05:48.218+0530","caller":"configmanager/setup.go:89","msg":"Tunnel Name was not specified, using: 48b34783-d46d-475f-8a32-ee789d1596d3"}
{"level":"warn","time":"2025-11-22T13:05:49.175+0530","caller":"custom/setup.go:902","msg":"Port 9090 is already in use. Trying on a random free tcp port."}
{"level":"info","time":"2025-11-22T13:05:49.176+0530","caller":"custom/setup.go:917","msg":"Tunnel binary started on port :50644"}
{"level":"info","time":"2025-11-22T13:05:50.596+0530","caller":"networkscanner/setup.go:325","msg":"TCP Mode is supported"}
{"level":"info","time":"2025-11-22T13:05:50.596+0530","caller":"core/lifecycle.go:318","msg":"Launching tunnel"}
{"level":"info","time":"2025-11-22T13:05:55.638+0530","caller":"core/lifecycle.go:440","msg":"You can start testing now"}
{"level":"info","time":"2025-11-22T13:05:55.638+0530","caller":"core/lifecycle.go:441","msg":"Tunnel ID: 9830867"}
{"level":"info","time":"2025-11-22T13:05:59.112+0530","caller":"cmd/lt.go:207","msg":"LambdaTest Tunnel version: 3.2.23"}
{"level":"warn","time":"2025-11-22T13:05:59.113+0530","caller":"configmanager/setup.go:89","msg":"Tunnel Name was not specified, using: cf655aef-f6b6-41cd-b844-466cdd65c575"}
{"level":"warn","time":"2025-11-22T13:06:00.278+0530","caller":"custom/setup.go:902","msg":"Port 9090 is already in use. Trying on a random free tcp port."}
{"level":"info","time":"2025-11-22T13:06:00.278+0530","caller":"custom/setup.go:917","msg":"Tunnel binary started on port :60813"}
{"level":"info","time":"2025-11-22T13:06:01.236+0530","caller":"cmd/lt.go:207","msg":"LambdaTest Tunnel version: 3.2.23"}
{"level":"warn","time":"2025-11-22T13:06:01.236+0530","caller":"configmanager/setup.go:89","msg":"Tunnel Name was not specified, using: 1768a07f-3795-4b39-866a-7a5c343e5b03"}
{"level":"info","time":"2025-11-22T13:06:01.579+0530","caller":"networkscanner/setup.go:325","msg":"TCP Mode is supported"}
{"level":"info","time":"2025-11-22T13:06:01.579+0530","caller":"core/lifecycle.go:318","msg":"Launching tunnel"}
{"level":"warn","time":"2025-11-22T13:06:02.104+0530","caller":"custom/setup.go:902","msg":"Port 9090 is already in use. Trying on a random free tcp port."}
{"level":"info","time":"2025-11-22T13:06:02.105+0530","caller":"custom/setup.go:917","msg":"Tunnel binary started on port :64351"}
{"level":"info","time":"2025-11-22T13:06:03.188+0530","caller":"networkscanner/setup.go:325","msg":"TCP Mode is supported"}
{"level":"info","time":"2025-11-22T13:06:03.188+0530","caller":"core/lifecycle.go:318","msg":"Launching tunnel"}
{"level":"info","time":"2025-11-22T13:06:06.567+0530","caller":"core/lifecycle.go:440","msg":"You can start testing now"}
{"level":"info","time":"2025-11-22T13:06:06.567+0530","caller":"core/lifecycle.go:441","msg":"Tunnel ID: 9830877"}
{"level":"info","time":"2025-11-22T13:06:08.241+0530","caller":"core/lifecycle.go:440","msg":"You can start testing now"}
{"level":"info","time":"2025-11-22T13:06:08.241+0530","caller":"core/lifecycle.go:441","msg":"Tunnel ID: 9830880"}
{"level":"info","time":"2025-11-22T13:06:11.120+0530","caller":"cmd/lt.go:207","msg":"LambdaTest Tunnel version: 3.2.23"}
{"level":"warn","time":"2025-11-22T13:06:11.122+0530","caller":"configmanager/setup.go:89","msg":"Tunnel Name was not specified, using: c46be50f-d822-4fac-9106-2cce2827e888"}
{"level":"warn","time":"2025-11-22T13:06:12.061+0530","caller":"custom/setup.go:902","msg":"Port 9090 is already in use. Trying on a random free tcp port."}
{"level":"info","time":"2025-11-22T13:06:12.062+0530","caller":"custom/setup.go:917","msg":"Tunnel binary started on port :54552"}
{"level":"info","time":"2025-11-22T13:06:13.182+0530","caller":"networkscanner/setup.go:325","msg":"TCP Mode is supported"}
{"level":"info","time":"2025-11-22T13:06:13.182+0530","caller":"core/lifecycle.go:318","msg":"Launching tunnel"}
{"level":"info","time":"2025-11-22T13:06:18.198+0530","caller":"core/lifecycle.go:440","msg":"You can start testing now"}
{"level":"info","time":"2025-11-22T13:06:18.198+0530","caller":"core/lifecycle.go:441","msg":"Tunnel ID: 9830893"}
{"level":"info","time":"2025-11-22T13:06:20.015+0530","caller":"cmd/lt.go:207","msg":"LambdaTest Tunnel version: 3.2.23"}
{"level":"warn","time":"2025-11-22T13:06:20.016+0530","caller":"configmanager/setup.go:89","msg":"Tunnel Name was not specified, using: 5afb6386-adde-44a3-9a11-d2d00faa7e6a"}
{"level":"warn","time":"2025-11-22T13:06:20.870+0530","caller":"custom/setup.go:902","msg":"Port 9090 is already in use. Trying on a random free tcp port."}
{"level":"info","time":"2025-11-22T13:06:20.871+0530","caller":"custom/setup.go:917","msg":"Tunnel binary started on port :51862"}
{"level":"info","time":"2025-11-22T13:06:22.012+0530","caller":"networkscanner/setup.go:325","msg":"TCP Mode is supported"}
{"level":"info","time":"2025-11-22T13:06:22.012+0530","caller":"core/lifecycle.go:318","msg":"Launching tunnel"}
{"level":"info","time":"2025-11-22T13:06:27.107+0530","caller":"core/lifecycle.go:440","msg":"You can start testing now"}
{"level":"info","time":"2025-11-22T13:06:27.107+0530","caller":"core/lifecycle.go:441","msg":"Tunnel ID: 9830900"}
{"level":"info","time":"2025-11-22T13:06:31.402+0530","caller":"cmd/lt.go:207","msg":"LambdaTest Tunnel version: 3.2.23"}
{"level":"warn","time":"2025-11-22T13:06:31.402+0530","caller":"configmanager/setup.go:89","msg":"Tunnel Name was not specified, using: 628a2780-54c0-4533-b6fc-ca41a01a3e25"}
{"level":"warn","time":"2025-11-22T13:06:32.451+0530","caller":"custom/setup.go:902","msg":"Port 9090 is already in use. Trying on a random free tcp port."}
{"level":"info","time":"2025-11-22T13:06:32.453+0530","caller":"custom/setup.go:917","msg":"Tunnel binary started on port :53846"}
{"level":"info","time":"2025-11-22T13:06:34.055+0530","caller":"networkscanner/setup.go:325","msg":"TCP Mode is supported"}
{"level":"info","time":"2025-11-22T13:06:34.055+0530","caller":"core/lifecycle.go:318","msg":"Launching tunnel"}
{"level":"info","time":"2025-11-22T13:06:37.734+0530","caller":"cmd/lt.go:207","msg":"LambdaTest Tunnel version: 3.2.23"}
{"level":"warn","time":"2025-11-22T13:06:37.735+0530","caller":"configmanager/setup.go:89","msg":"Tunnel Name was not specified, using: 5bb265f5-477f-48d2-9ef3-ed0272639e09"}
{"level":"warn","time":"2025-11-22T13:06:38.571+0530","caller":"custom/setup.go:902","msg":"Port 9090 is already in use. Trying on a random free tcp port."}
{"level":"info","time":"2025-11-22T13:06:38.572+0530","caller":"custom/setup.go:917","msg":"Tunnel binary started on port :57230"}
{"level":"info","time":"2025-11-22T13:06:39.223+0530","caller":"core/lifecycle.go:440","msg":"You can start testing now"}
{"level":"info","time":"2025-11-22T13:06:39.223+0530","caller":"core/lifecycle.go:441","msg":"Tunnel ID: 9830902"}
{"level":"info","time":"2025-11-22T13:06:39.612+0530","caller":"networkscanner/setup.go:325","msg":"TCP Mode is supported"}
{"level":"info","time":"2025-11-22T13:06:39.612+0530","caller":"core/lifecycle.go:318","msg":"Launching tunnel"}
{"level":"info","time":"2025-11-22T13:06:44.514+0530","caller":"core/lifecycle.go:440","msg":"You can start testing now"}
{"level":"info","time":"2025-11-22T13:06:44.514+0530","caller":"core/lifecycle.go:441","msg":"Tunnel ID: 9830905"}
{"level":"info","time":"2025-11-22T13:06:46.904+0530","caller":"cmd/lt.go:207","msg":"LambdaTest Tunnel version: 3.2.23"}
{"level":"warn","time":"2025-11-22T13:06:46.906+0530","caller":"configmanager/setup.go:89","msg":"Tunnel Name was not specified, using: cb95846b-5281-40c9-8350-c8e5bbeb5aaf"}
{"level":"warn","time":"2025-11-22T13:06:47.747+0530","caller":"custom/setup.go:902","msg":"Port 9090 is already in use. Trying on a random free tcp port."}
{"level":"info","time":"2025-11-22T13:06:47.749+0530","caller":"custom/setup.go:917","msg":"Tunnel binary started on port :62692"}
{"level":"info","time":"2025-11-22T13:06:48.830+0530","caller":"networkscanner/setup.go:325","msg":"TCP Mode is supported"}
{"level":"info","time":"2025-11-22T13:06:48.830+0530","caller":"core/lifecycle.go:318","msg":"Launching tunnel"}
{"level":"info","time":"2025-11-22T13:06:53.706+0530","caller":"core/lifecycle.go:440","msg":"You can start testing now"}
{"level":"info","time":"2025-11-22T13:06:53.706+0530","caller":"core/lifecycle.go:441","msg":"Tunnel ID: 9830908"}
